20:45:50:496  INFO 21824 --- [main] com.hmall.pay.payApplication             : Starting payApplication using Java 21.0.5 on WIN-1QLEBID4G8A with PID 21824 (F:\IdeaProjects\hmall-springcloud\hmall\pay-service\target\classes started by Administrator in F:\IdeaProjects\hmall-springcloud\hmall)
20:45:50:501 DEBUG 21824 --- [main] com.hmall.pay.payApplication             : Running with Spring Boot v2.7.12, Spring v5.3.27
20:45:50:502  INFO 21824 --- [main] com.hmall.pay.payApplication             : The following 1 profile is active: "local"
20:45:52:443  INFO 21824 --- [main] o.s.cloud.context.scope.GenericScope     : BeanFactory id=f3f9c636-0872-3f29-a9f5-bb2d2cf656f7
20:45:53:310  INFO 21824 --- [main] o.s.b.w.embedded.tomcat.TomcatWebServer  : Tomcat initialized with port(s): 8086 (http)
20:45:53:331  INFO 21824 --- [main] o.apache.catalina.core.StandardService   : Starting service [Tomcat]
20:45:53:331  INFO 21824 --- [main] org.apache.catalina.core.StandardEngine  : Starting Servlet engine: [Apache Tomcat/9.0.75]
20:45:53:725  INFO 21824 --- [main] o.a.c.c.C.[Tomcat].[localhost].[/]       : Initializing Spring embedded WebApplicationContext
20:45:53:726  INFO 21824 --- [main] w.s.c.ServletWebServerApplicationContext : Root WebApplicationContext: initialization completed in 3125 ms
20:45:54:153  INFO 21824 --- [main] o.s.c.openfeign.FeignClientFactoryBean   : For 'user-service' URL not provided. Will try picking an instance via load-balancing.
20:45:54:249  INFO 21824 --- [main] o.s.c.openfeign.FeignClientFactoryBean   : For 'trade-service' URL not provided. Will try picking an instance via load-balancing.
20:45:55:660  INFO 21824 --- [main] pertySourcedRequestMappingHandlerMapping : Mapped URL path [/v2/api-docs] onto method [springfox.documentation.swagger2.web.Swagger2ControllerWebMvc#getDocumentation(String, HttpServletRequest)]
20:45:56:236  INFO 21824 --- [main] com.alibaba.nacos.common.remote.client   : [RpcClientFactory] create a new rpc client of a9b97a1c-094b-445a-bf98-a0b47b9b6f0c
20:45:56:375  INFO 21824 --- [main] org.reflections.Reflections              : Reflections took 65 ms to scan 1 urls, producing 3 keys and 6 values 
20:45:56:432  INFO 21824 --- [main] org.reflections.Reflections              : Reflections took 17 ms to scan 1 urls, producing 4 keys and 9 values 
20:45:56:451  INFO 21824 --- [main] org.reflections.Reflections              : Reflections took 10 ms to scan 1 urls, producing 3 keys and 10 values 
20:45:56:458  WARN 21824 --- [main] org.reflections.Reflections              : given scan urls are empty. set urls in the configuration
20:45:56:471  INFO 21824 --- [main] org.reflections.Reflections              : Reflections took 11 ms to scan 1 urls, producing 1 keys and 5 values 
20:45:56:495  INFO 21824 --- [main] org.reflections.Reflections              : Reflections took 18 ms to scan 1 urls, producing 1 keys and 7 values 
20:45:56:515  INFO 21824 --- [main] org.reflections.Reflections              : Reflections took 10 ms to scan 1 urls, producing 2 keys and 8 values 
20:45:56:522  WARN 21824 --- [main] org.reflections.Reflections              : given scan urls are empty. set urls in the configuration
20:45:56:524  INFO 21824 --- [main] com.alibaba.nacos.common.remote.client   : [a9b97a1c-094b-445a-bf98-a0b47b9b6f0c] RpcClient init label, labels = {module=naming, source=sdk}
20:45:56:528  INFO 21824 --- [main] com.alibaba.nacos.common.remote.client   : [a9b97a1c-094b-445a-bf98-a0b47b9b6f0c] RpcClient init, ServerListFactory = com.alibaba.nacos.client.naming.core.ServerListManager
20:45:56:528  INFO 21824 --- [main] com.alibaba.nacos.common.remote.client   : [a9b97a1c-094b-445a-bf98-a0b47b9b6f0c] Registry connection listener to current client:com.alibaba.nacos.client.naming.remote.gprc.redo.NamingGrpcRedoService
20:45:56:530  INFO 21824 --- [main] com.alibaba.nacos.common.remote.client   : [a9b97a1c-094b-445a-bf98-a0b47b9b6f0c] Register server push request handler:com.alibaba.nacos.client.naming.remote.gprc.NamingPushRequestHandler
20:45:56:533  INFO 21824 --- [main] com.alibaba.nacos.common.remote.client   : [a9b97a1c-094b-445a-bf98-a0b47b9b6f0c] Try to connect to server on start up, server: {serverIp = '127.0.0.1', server main port = 8848}
20:45:58:175  INFO 21824 --- [main] com.alibaba.nacos.common.remote.client   : [a9b97a1c-094b-445a-bf98-a0b47b9b6f0c] Success to connect to server [127.0.0.1:8848] on start up, connectionId = 1733229957868_127.0.0.1_58444
20:45:58:175  INFO 21824 --- [com.alibaba.nacos.client.remote.worker] com.alibaba.nacos.common.remote.client   : [a9b97a1c-094b-445a-bf98-a0b47b9b6f0c] Notify connected event to listeners.
20:45:58:176  INFO 21824 --- [main] com.alibaba.nacos.common.remote.client   : [a9b97a1c-094b-445a-bf98-a0b47b9b6f0c] Register server push request handler:com.alibaba.nacos.common.remote.client.RpcClient$ConnectResetRequestHandler
20:45:58:177  INFO 21824 --- [main] com.alibaba.nacos.common.remote.client   : [a9b97a1c-094b-445a-bf98-a0b47b9b6f0c] Register server push request handler:com.alibaba.nacos.common.remote.client.RpcClient$$Lambda/0x000002bf017d35e0
20:45:58:279  INFO 21824 --- [main] o.s.b.w.embedded.tomcat.TomcatWebServer  : Tomcat started on port(s): 8086 (http) with context path ''
20:45:58:294  INFO 21824 --- [main] c.a.c.n.registry.NacosServiceRegistry    : nacos registry, DEFAULT_GROUP pay-service 192.168.1.13:8086 register finished
20:45:58:300  INFO 21824 --- [main] d.s.w.p.DocumentationPluginsBootstrapper : Documentation plugins bootstrapped
20:45:58:304  INFO 21824 --- [main] d.s.w.p.DocumentationPluginsBootstrapper : Found 1 custom documentation plugin(s)
20:45:58:351  INFO 21824 --- [main] s.d.s.w.s.ApiListingReferenceScanner     : Scanning for api listing references
20:45:58:517  INFO 21824 --- [main] com.hmall.pay.payApplication             : Started payApplication in 9.133 seconds (JVM running for 11.202)
20:45:58:763  INFO 21824 --- [nacos-grpc-client-executor-8] com.alibaba.nacos.common.remote.client   : [a9b97a1c-094b-445a-bf98-a0b47b9b6f0c] Receive server push request, request = NotifySubscriberRequest, requestId = 10
20:45:58:775  INFO 21824 --- [nacos-grpc-client-executor-8] com.alibaba.nacos.common.remote.client   : [a9b97a1c-094b-445a-bf98-a0b47b9b6f0c] Ack server push request, request = NotifySubscriberRequest, requestId = 10
22:00:11:822  WARN 21824 --- [Thread-7] c.a.n.common.http.HttpClientBeanHolder   : [HttpClientBeanHolder] Start destroying common HttpClient
22:00:11:823  WARN 21824 --- [Thread-4] c.a.nacos.common.notify.NotifyCenter     : [NotifyCenter] Start destroying Publisher
22:00:11:824  WARN 21824 --- [Thread-7] c.a.n.common.http.HttpClientBeanHolder   : [HttpClientBeanHolder] Destruction of the end
22:00:11:823  WARN 21824 --- [Thread-4] c.a.nacos.common.notify.NotifyCenter     : [NotifyCenter] Destruction of the end
22:00:11:857  INFO 21824 --- [SpringApplicationShutdownHook] c.a.c.n.registry.NacosServiceRegistry    : De-registering from Nacos Server now...
22:00:11:867  INFO 21824 --- [SpringApplicationShutdownHook] c.a.c.n.registry.NacosServiceRegistry    : De-registration finished.
22:00:12:190  INFO 21824 --- [SpringApplicationShutdownHook] com.alibaba.nacos.common.remote.client   : Shutdown rpc client, set status to shutdown
22:00:12:191  INFO 21824 --- [SpringApplicationShutdownHook] com.alibaba.nacos.common.remote.client   : Shutdown client event executor java.util.concurrent.ScheduledThreadPoolExecutor@580154b3[Running, pool size = 2, active threads = 2, queued tasks = 0, completed tasks = 0]
22:00:12:191  INFO 21824 --- [SpringApplicationShutdownHook] com.alibaba.nacos.common.remote.client   : Close current connection 1733229957868_127.0.0.1_58444
22:00:12:192  INFO 21824 --- [nacos-grpc-client-executor-901] c.a.n.c.remote.client.grpc.GrpcClient    : [1733229957868_127.0.0.1_58444]Ignore complete event,isRunning:false,isAbandon=false
22:00:12:204  INFO 21824 --- [SpringApplicationShutdownHook] c.a.n.c.remote.client.grpc.GrpcClient    : Shutdown grpc executor java.util.concurrent.ThreadPoolExecutor@1f1574c[Running, pool size = 5, active threads = 0, queued tasks = 0, completed tasks = 902]
