20:45:21:706  INFO 21492 --- [main] com.hmall.trade.tradeApplication         : Starting tradeApplication using Java 21.0.5 on WIN-1QLEBID4G8A with PID 21492 (F:\IdeaProjects\hmall-springcloud\hmall\trade-service\target\classes started by Administrator in F:\IdeaProjects\hmall-springcloud\hmall)
20:45:21:710 DEBUG 21492 --- [main] com.hmall.trade.tradeApplication         : Running with Spring Boot v2.7.12, Spring v5.3.27
20:45:21:711  INFO 21492 --- [main] com.hmall.trade.tradeApplication         : The following 1 profile is active: "local"
20:45:24:123  INFO 21492 --- [main] o.s.cloud.context.scope.GenericScope     : BeanFactory id=f075b8d4-c369-305a-8185-6f5ecce52d9e
20:45:25:172  INFO 21492 --- [main] o.s.b.w.embedded.tomcat.TomcatWebServer  : Tomcat initialized with port(s): 8085 (http)
20:45:25:194  INFO 21492 --- [main] o.apache.catalina.core.StandardService   : Starting service [Tomcat]
20:45:25:195  INFO 21492 --- [main] org.apache.catalina.core.StandardEngine  : Starting Servlet engine: [Apache Tomcat/9.0.75]
20:45:25:817  INFO 21492 --- [main] o.a.c.c.C.[Tomcat].[localhost].[/]       : Initializing Spring embedded WebApplicationContext
20:45:25:818  INFO 21492 --- [main] w.s.c.ServletWebServerApplicationContext : Root WebApplicationContext: initialization completed in 4006 ms
20:45:26:342  INFO 21492 --- [main] o.s.c.openfeign.FeignClientFactoryBean   : For 'item-service' URL not provided. Will try picking an instance via load-balancing.
20:45:27:796  INFO 21492 --- [main] o.s.c.openfeign.FeignClientFactoryBean   : For 'cart-service' URL not provided. Will try picking an instance via load-balancing.
20:45:29:024  INFO 21492 --- [main] pertySourcedRequestMappingHandlerMapping : Mapped URL path [/v2/api-docs] onto method [springfox.documentation.swagger2.web.Swagger2ControllerWebMvc#getDocumentation(String, HttpServletRequest)]
20:45:29:651  INFO 21492 --- [main] com.alibaba.nacos.common.remote.client   : [RpcClientFactory] create a new rpc client of f01d7dd0-eafc-4b82-8bb9-708e21ba34bf
20:45:29:816  INFO 21492 --- [main] org.reflections.Reflections              : Reflections took 72 ms to scan 1 urls, producing 3 keys and 6 values 
20:45:29:884  INFO 21492 --- [main] org.reflections.Reflections              : Reflections took 19 ms to scan 1 urls, producing 4 keys and 9 values 
20:45:29:905  INFO 21492 --- [main] org.reflections.Reflections              : Reflections took 14 ms to scan 1 urls, producing 3 keys and 10 values 
20:45:29:912  WARN 21492 --- [main] org.reflections.Reflections              : given scan urls are empty. set urls in the configuration
20:45:29:928  INFO 21492 --- [main] org.reflections.Reflections              : Reflections took 15 ms to scan 1 urls, producing 1 keys and 5 values 
20:45:29:951  INFO 21492 --- [main] org.reflections.Reflections              : Reflections took 16 ms to scan 1 urls, producing 1 keys and 7 values 
20:45:29:972  INFO 21492 --- [main] org.reflections.Reflections              : Reflections took 14 ms to scan 1 urls, producing 2 keys and 8 values 
20:45:29:979  WARN 21492 --- [main] org.reflections.Reflections              : given scan urls are empty. set urls in the configuration
20:45:29:981  INFO 21492 --- [main] com.alibaba.nacos.common.remote.client   : [f01d7dd0-eafc-4b82-8bb9-708e21ba34bf] RpcClient init label, labels = {module=naming, source=sdk}
20:45:29:985  INFO 21492 --- [main] com.alibaba.nacos.common.remote.client   : [f01d7dd0-eafc-4b82-8bb9-708e21ba34bf] RpcClient init, ServerListFactory = com.alibaba.nacos.client.naming.core.ServerListManager
20:45:29:986  INFO 21492 --- [main] com.alibaba.nacos.common.remote.client   : [f01d7dd0-eafc-4b82-8bb9-708e21ba34bf] Registry connection listener to current client:com.alibaba.nacos.client.naming.remote.gprc.redo.NamingGrpcRedoService
20:45:29:987  INFO 21492 --- [main] com.alibaba.nacos.common.remote.client   : [f01d7dd0-eafc-4b82-8bb9-708e21ba34bf] Register server push request handler:com.alibaba.nacos.client.naming.remote.gprc.NamingPushRequestHandler
20:45:29:991  INFO 21492 --- [main] com.alibaba.nacos.common.remote.client   : [f01d7dd0-eafc-4b82-8bb9-708e21ba34bf] Try to connect to server on start up, server: {serverIp = '127.0.0.1', server main port = 8848}
20:45:31:693  INFO 21492 --- [main] com.alibaba.nacos.common.remote.client   : [f01d7dd0-eafc-4b82-8bb9-708e21ba34bf] Success to connect to server [127.0.0.1:8848] on start up, connectionId = 1733229931394_127.0.0.1_58388
20:45:31:695  INFO 21492 --- [com.alibaba.nacos.client.remote.worker] com.alibaba.nacos.common.remote.client   : [f01d7dd0-eafc-4b82-8bb9-708e21ba34bf] Notify connected event to listeners.
20:45:31:696  INFO 21492 --- [main] com.alibaba.nacos.common.remote.client   : [f01d7dd0-eafc-4b82-8bb9-708e21ba34bf] Register server push request handler:com.alibaba.nacos.common.remote.client.RpcClient$ConnectResetRequestHandler
20:45:31:697  INFO 21492 --- [main] com.alibaba.nacos.common.remote.client   : [f01d7dd0-eafc-4b82-8bb9-708e21ba34bf] Register server push request handler:com.alibaba.nacos.common.remote.client.RpcClient$$Lambda/0x000001fb1c7fd9e0
20:45:31:811  INFO 21492 --- [main] o.s.b.w.embedded.tomcat.TomcatWebServer  : Tomcat started on port(s): 8085 (http) with context path ''
20:45:31:823  INFO 21492 --- [main] c.a.c.n.registry.NacosServiceRegistry    : nacos registry, DEFAULT_GROUP trade-service 192.168.1.13:8085 register finished
20:45:31:830  INFO 21492 --- [main] d.s.w.p.DocumentationPluginsBootstrapper : Documentation plugins bootstrapped
20:45:31:834  INFO 21492 --- [main] d.s.w.p.DocumentationPluginsBootstrapper : Found 1 custom documentation plugin(s)
20:45:31:871  INFO 21492 --- [main] s.d.s.w.s.ApiListingReferenceScanner     : Scanning for api listing references
20:45:32:005  INFO 21492 --- [main] com.hmall.trade.tradeApplication         : Started tradeApplication in 11.401 seconds (JVM running for 13.451)
20:45:32:352  INFO 21492 --- [nacos-grpc-client-executor-8] com.alibaba.nacos.common.remote.client   : [f01d7dd0-eafc-4b82-8bb9-708e21ba34bf] Receive server push request, request = NotifySubscriberRequest, requestId = 7
20:45:32:363  INFO 21492 --- [nacos-grpc-client-executor-8] com.alibaba.nacos.common.remote.client   : [f01d7dd0-eafc-4b82-8bb9-708e21ba34bf] Ack server push request, request = NotifySubscriberRequest, requestId = 7
22:00:12:025  WARN 21492 --- [Thread-7] c.a.n.common.http.HttpClientBeanHolder   : [HttpClientBeanHolder] Start destroying common HttpClient
22:00:12:025  WARN 21492 --- [Thread-4] c.a.nacos.common.notify.NotifyCenter     : [NotifyCenter] Start destroying Publisher
22:00:12:025  WARN 21492 --- [Thread-4] c.a.nacos.common.notify.NotifyCenter     : [NotifyCenter] Destruction of the end
22:00:12:026  WARN 21492 --- [Thread-7] c.a.n.common.http.HttpClientBeanHolder   : [HttpClientBeanHolder] Destruction of the end
22:00:12:055  INFO 21492 --- [SpringApplicationShutdownHook] c.a.c.n.registry.NacosServiceRegistry    : De-registering from Nacos Server now...
22:00:12:058  INFO 21492 --- [SpringApplicationShutdownHook] c.a.c.n.registry.NacosServiceRegistry    : De-registration finished.
22:00:12:390  INFO 21492 --- [SpringApplicationShutdownHook] com.alibaba.nacos.common.remote.client   : Shutdown rpc client, set status to shutdown
22:00:12:391  INFO 21492 --- [SpringApplicationShutdownHook] com.alibaba.nacos.common.remote.client   : Shutdown client event executor java.util.concurrent.ScheduledThreadPoolExecutor@5e0442dd[Running, pool size = 2, active threads = 2, queued tasks = 0, completed tasks = 0]
22:00:12:391  INFO 21492 --- [SpringApplicationShutdownHook] com.alibaba.nacos.common.remote.client   : Close current connection 1733229931394_127.0.0.1_58388
22:00:12:392  INFO 21492 --- [nacos-grpc-client-executor-906] c.a.n.c.remote.client.grpc.GrpcClient    : [1733229931394_127.0.0.1_58388]Ignore complete event,isRunning:false,isAbandon=false
22:00:12:404  INFO 21492 --- [SpringApplicationShutdownHook] c.a.n.c.remote.client.grpc.GrpcClient    : Shutdown grpc executor java.util.concurrent.ThreadPoolExecutor@1fb30e5d[Running, pool size = 5, active threads = 0, queued tasks = 0, completed tasks = 907]
