20:45:02:563  INFO 2652 --- [main] com.hmall.user.userApplication           : Starting userApplication using Java 21.0.5 on WIN-1QLEBID4G8A with PID 2652 (F:\IdeaProjects\hmall-springcloud\hmall\user-service\target\classes started by Administrator in F:\IdeaProjects\hmall-springcloud\hmall)
20:45:02:568 DEBUG 2652 --- [main] com.hmall.user.userApplication           : Running with Spring Boot v2.7.12, Spring v5.3.27
20:45:02:569  INFO 2652 --- [main] com.hmall.user.userApplication           : The following 1 profile is active: "local"
20:45:04:592  INFO 2652 --- [main] o.s.cloud.context.scope.GenericScope     : BeanFactory id=78a0e937-6b71-3aec-8f1b-e3c394c6c4a8
20:45:05:521  INFO 2652 --- [main] o.s.b.w.embedded.tomcat.TomcatWebServer  : Tomcat initialized with port(s): 8084 (http)
20:45:05:542  INFO 2652 --- [main] o.apache.catalina.core.StandardService   : Starting service [Tomcat]
20:45:05:543  INFO 2652 --- [main] org.apache.catalina.core.StandardEngine  : Starting Servlet engine: [Apache Tomcat/9.0.75]
20:45:05:929  INFO 2652 --- [main] o.a.c.c.C.[Tomcat].[localhost].[/]       : Initializing Spring embedded WebApplicationContext
20:45:05:929  INFO 2652 --- [main] w.s.c.ServletWebServerApplicationContext : Root WebApplicationContext: initialization completed in 3265 ms
20:45:08:299  INFO 2652 --- [main] pertySourcedRequestMappingHandlerMapping : Mapped URL path [/v2/api-docs] onto method [springfox.documentation.swagger2.web.Swagger2ControllerWebMvc#getDocumentation(String, HttpServletRequest)]
20:45:08:971  INFO 2652 --- [main] com.alibaba.nacos.common.remote.client   : [RpcClientFactory] create a new rpc client of 42450a01-9121-4300-84bb-cef2340c47f9
20:45:09:159  INFO 2652 --- [main] org.reflections.Reflections              : Reflections took 70 ms to scan 1 urls, producing 3 keys and 6 values 
20:45:09:217  INFO 2652 --- [main] org.reflections.Reflections              : Reflections took 17 ms to scan 1 urls, producing 4 keys and 9 values 
20:45:09:232  INFO 2652 --- [main] org.reflections.Reflections              : Reflections took 9 ms to scan 1 urls, producing 3 keys and 10 values 
20:45:09:236  WARN 2652 --- [main] org.reflections.Reflections              : given scan urls are empty. set urls in the configuration
20:45:09:250  INFO 2652 --- [main] org.reflections.Reflections              : Reflections took 13 ms to scan 1 urls, producing 1 keys and 5 values 
20:45:09:264  INFO 2652 --- [main] org.reflections.Reflections              : Reflections took 10 ms to scan 1 urls, producing 1 keys and 7 values 
20:45:09:278  INFO 2652 --- [main] org.reflections.Reflections              : Reflections took 9 ms to scan 1 urls, producing 2 keys and 8 values 
20:45:09:282  WARN 2652 --- [main] org.reflections.Reflections              : given scan urls are empty. set urls in the configuration
20:45:09:284  INFO 2652 --- [main] com.alibaba.nacos.common.remote.client   : [42450a01-9121-4300-84bb-cef2340c47f9] RpcClient init label, labels = {module=naming, source=sdk}
20:45:09:288  INFO 2652 --- [main] com.alibaba.nacos.common.remote.client   : [42450a01-9121-4300-84bb-cef2340c47f9] RpcClient init, ServerListFactory = com.alibaba.nacos.client.naming.core.ServerListManager
20:45:09:288  INFO 2652 --- [main] com.alibaba.nacos.common.remote.client   : [42450a01-9121-4300-84bb-cef2340c47f9] Registry connection listener to current client:com.alibaba.nacos.client.naming.remote.gprc.redo.NamingGrpcRedoService
20:45:09:289  INFO 2652 --- [main] com.alibaba.nacos.common.remote.client   : [42450a01-9121-4300-84bb-cef2340c47f9] Register server push request handler:com.alibaba.nacos.client.naming.remote.gprc.NamingPushRequestHandler
20:45:09:293  INFO 2652 --- [main] com.alibaba.nacos.common.remote.client   : [42450a01-9121-4300-84bb-cef2340c47f9] Try to connect to server on start up, server: {serverIp = '127.0.0.1', server main port = 8848}
20:45:10:864  INFO 2652 --- [main] com.alibaba.nacos.common.remote.client   : [42450a01-9121-4300-84bb-cef2340c47f9] Success to connect to server [127.0.0.1:8848] on start up, connectionId = 1733229910545_127.0.0.1_58313
20:45:10:866  INFO 2652 --- [com.alibaba.nacos.client.remote.worker] com.alibaba.nacos.common.remote.client   : [42450a01-9121-4300-84bb-cef2340c47f9] Notify connected event to listeners.
20:45:10:867  INFO 2652 --- [main] com.alibaba.nacos.common.remote.client   : [42450a01-9121-4300-84bb-cef2340c47f9] Register server push request handler:com.alibaba.nacos.common.remote.client.RpcClient$ConnectResetRequestHandler
20:45:10:867  INFO 2652 --- [main] com.alibaba.nacos.common.remote.client   : [42450a01-9121-4300-84bb-cef2340c47f9] Register server push request handler:com.alibaba.nacos.common.remote.client.RpcClient$$Lambda/0x000001d88e80d568
20:45:10:969  INFO 2652 --- [main] o.s.b.w.embedded.tomcat.TomcatWebServer  : Tomcat started on port(s): 8084 (http) with context path ''
20:45:10:983  INFO 2652 --- [main] c.a.c.n.registry.NacosServiceRegistry    : nacos registry, DEFAULT_GROUP user-service 192.168.1.13:8084 register finished
20:45:10:989  INFO 2652 --- [main] d.s.w.p.DocumentationPluginsBootstrapper : Documentation plugins bootstrapped
20:45:10:994  INFO 2652 --- [main] d.s.w.p.DocumentationPluginsBootstrapper : Found 1 custom documentation plugin(s)
20:45:11:040  INFO 2652 --- [main] s.d.s.w.s.ApiListingReferenceScanner     : Scanning for api listing references
20:45:11:217  INFO 2652 --- [main] com.hmall.user.userApplication           : Started userApplication in 9.681 seconds (JVM running for 11.601)
20:45:11:447  INFO 2652 --- [nacos-grpc-client-executor-7] com.alibaba.nacos.common.remote.client   : [42450a01-9121-4300-84bb-cef2340c47f9] Receive server push request, request = NotifySubscriberRequest, requestId = 6
20:45:11:459  INFO 2652 --- [nacos-grpc-client-executor-7] com.alibaba.nacos.common.remote.client   : [42450a01-9121-4300-84bb-cef2340c47f9] Ack server push request, request = NotifySubscriberRequest, requestId = 6
20:46:03:597  INFO 2652 --- [http-nio-8084-exec-2] o.a.c.c.C.[Tomcat].[localhost].[/]       : Initializing Spring DispatcherServlet 'dispatcherServlet'
20:46:03:597  INFO 2652 --- [http-nio-8084-exec-2] o.s.web.servlet.DispatcherServlet        : Initializing Servlet 'dispatcherServlet'
20:46:03:599  INFO 2652 --- [http-nio-8084-exec-2] o.s.web.servlet.DispatcherServlet        : Completed initialization in 2 ms
20:46:03:908  INFO 2652 --- [http-nio-8084-exec-2] com.zaxxer.hikari.HikariDataSource       : HikariPool-1 - Starting...
20:46:04:468  INFO 2652 --- [http-nio-8084-exec-2] com.zaxxer.hikari.HikariDataSource       : HikariPool-1 - Start completed.
20:46:04:482 DEBUG 2652 --- [http-nio-8084-exec-2] c.h.user.mapper.UserMapper.selectOne     : ==>  Preparing: SELECT id,username,password,phone,create_time,update_time,status,balance FROM user WHERE (username = ?)
20:46:04:528 DEBUG 2652 --- [http-nio-8084-exec-2] c.h.user.mapper.UserMapper.selectOne     : ==> Parameters: jack(String)
20:46:04:876 DEBUG 2652 --- [http-nio-8084-exec-2] c.h.user.mapper.UserMapper.selectOne     : <==      Total: 1
20:46:13:595 DEBUG 2652 --- [http-nio-8084-exec-1] c.h.user.mapper.UserMapper.selectOne     : ==>  Preparing: SELECT id,username,password,phone,create_time,update_time,status,balance FROM user WHERE (username = ?)
20:46:13:596 DEBUG 2652 --- [http-nio-8084-exec-1] c.h.user.mapper.UserMapper.selectOne     : ==> Parameters: jack(String)
20:46:13:597 DEBUG 2652 --- [http-nio-8084-exec-1] c.h.user.mapper.UserMapper.selectOne     : <==      Total: 1
21:18:19:340 DEBUG 2652 --- [http-nio-8084-exec-4] c.h.user.mapper.UserMapper.selectOne     : ==>  Preparing: SELECT id,username,password,phone,create_time,update_time,status,balance FROM user WHERE (username = ?)
21:18:19:342 DEBUG 2652 --- [http-nio-8084-exec-4] c.h.user.mapper.UserMapper.selectOne     : ==> Parameters: jack(String)
21:18:19:350 DEBUG 2652 --- [http-nio-8084-exec-4] c.h.user.mapper.UserMapper.selectOne     : <==      Total: 1
22:00:12:103  WARN 2652 --- [Thread-4] c.a.nacos.common.notify.NotifyCenter     : [NotifyCenter] Start destroying Publisher
22:00:12:103  WARN 2652 --- [Thread-7] c.a.n.common.http.HttpClientBeanHolder   : [HttpClientBeanHolder] Start destroying common HttpClient
22:00:12:104  WARN 2652 --- [Thread-4] c.a.nacos.common.notify.NotifyCenter     : [NotifyCenter] Destruction of the end
22:00:12:105  WARN 2652 --- [Thread-7] c.a.n.common.http.HttpClientBeanHolder   : [HttpClientBeanHolder] Destruction of the end
22:00:12:125  INFO 2652 --- [SpringApplicationShutdownHook] c.a.c.n.registry.NacosServiceRegistry    : De-registering from Nacos Server now...
22:00:12:131  INFO 2652 --- [SpringApplicationShutdownHook] c.a.c.n.registry.NacosServiceRegistry    : De-registration finished.
22:00:12:453  INFO 2652 --- [SpringApplicationShutdownHook] com.alibaba.nacos.common.remote.client   : Shutdown rpc client, set status to shutdown
22:00:12:453  INFO 2652 --- [SpringApplicationShutdownHook] com.alibaba.nacos.common.remote.client   : Shutdown client event executor java.util.concurrent.ScheduledThreadPoolExecutor@1dac0784[Running, pool size = 2, active threads = 2, queued tasks = 0, completed tasks = 0]
22:00:12:453  INFO 2652 --- [SpringApplicationShutdownHook] com.alibaba.nacos.common.remote.client   : Close current connection 1733229910545_127.0.0.1_58313
22:00:12:454  INFO 2652 --- [nacos-grpc-client-executor-909] c.a.n.c.remote.client.grpc.GrpcClient    : [1733229910545_127.0.0.1_58313]Ignore complete event,isRunning:false,isAbandon=false
22:00:12:461  INFO 2652 --- [SpringApplicationShutdownHook] c.a.n.c.remote.client.grpc.GrpcClient    : Shutdown grpc executor java.util.concurrent.ThreadPoolExecutor@b1fa523[Running, pool size = 5, active threads = 0, queued tasks = 0, completed tasks = 910]
22:00:12:469  INFO 2652 --- [SpringApplicationShutdownHook] com.zaxxer.hikari.HikariDataSource       : HikariPool-1 - Shutdown initiated...
22:00:12:477  INFO 2652 --- [SpringApplicationShutdownHook] com.zaxxer.hikari.HikariDataSource       : HikariPool-1 - Shutdown completed.
